Starting a Gradle Daemon, 1 busy and 1 stopped Daemons could not be reused, use --status for details

> Configure project :app
e: file:///C:/Users/Admin/Desktop/Test_code/ClinicViewer/app/build.gradle.kts:10:21: Unexpected tokens (use ';' to separate expressions on the same line)
e: file:///C:/Users/Admin/Desktop/Test_code/ClinicViewer/app/build.gradle.kts:14:21: Unexpected tokens (use ';' to separate expressions on the same line)

[Incubating] Problems report is available at: file:///C:/Users/Admin/Desktop/Test_code/ClinicViewer/build/reports/problems/problems-report.html

FAILURE: Build failed with an exception.

* Where:
Build file 'C:\Users\Admin\Desktop\Test_code\ClinicViewer\app\build.gradle.kts' line: 10

* What went wrong:
Script compilation errors:

  Line 10:     compileSdk = 36 # Explicitly using integer
                               ^ Unexpected tokens (use ';' to separate expressions on the same line)

  Line 14:         minSdk = 26 # Supabase recommended minSdk
                               ^ Unexpected tokens (use ';' to separate expressions on the same line)

2 errors

* Try:
> Run with --stacktrace option to get the stack trace.
> Run with --info or --debug option to get more log output.
> Run with --scan to generate a Build Scan (Powered by Develocity).
> Get more help at https://help.gradle.org.

Deprecated Gradle features were used in this build, making it incompatible with Gradle 10.

You can use '--warning-mode all' to show the individual deprecation warnings and determine if they come from your own scripts or plugins.

For more on this, please refer to https://docs.gradle.org/9.1.0/userguide/command_line_interface.html#sec:command_line_warnings in the Gradle documentation.

BUILD FAILED in 21s
